<?xml version="1.0" encoding="UTF-8"?>
<!-- Generated by org.testng.reporters.JUnitXMLReporter -->
<testsuite ignored="0" hostname="zip0091-PC" failures="0" tests="5" name="Test" time="6.008" errors="0" timestamp="2021-08-12T17:49:00 IST">
  <testcase classname="branchTestNG.TestNGBranch" name="openBrowser" time="1.8"/>
  <testcase classname="branchTestNG.TestNGBranch" name="launchZipErp" time="0.287"/>
  <testcase classname="branchTestNG.TestNGBranch" name="performLoginAndClick" time="0.486"/>
  <testcase classname="branchTestNG.TestNGBranch" name="moveToSetting" time="1.743"/>
  <testcase classname="branchTestNG.TestNGBranch" name="moveToBranchDetails" time="1.522"/>
</testsuite> <!-- Test -->
