<?xml version="1.0" encoding="UTF-8"?>
<!-- Generated by org.testng.reporters.JUnitXMLReporter -->
<testsuite ignored="0" hostname="zip0091-PC" failures="0" tests="5" name="Default test" time="6.218" errors="0" timestamp="2021-08-12T17:47:13 IST">
  <testcase classname="branchTestNG.TestNGBranch" name="openBrowser" time="1.863"/>
  <testcase classname="branchTestNG.TestNGBranch" name="launchZipErp" time="0.229"/>
  <testcase classname="branchTestNG.TestNGBranch" name="performLoginAndClick" time="0.38"/>
  <testcase classname="branchTestNG.TestNGBranch" name="moveToSetting" time="1.746"/>
  <testcase classname="branchTestNG.TestNGBranch" name="moveToBranchDetails" time="1.82"/>
</testsuite> <!-- Default test -->
